# JRE version: OpenJDK Runtime Environment (8.0_242-b01) (build 1.8.0_242-release-1644-b01)
# Java VM: OpenJDK 64-Bit Server VM (25.242-b01 mixed mode windows-amd64 compressed oops)
Heap:
 PSYoungGen      total 71680K, used 53319K [0x0000000770380000, 0x0000000775380000, 0x00000007c0000000)
  eden space 61440K, 86% used [0x0000000770380000,0x0000000773791c00,0x0000000773f80000)
  from space 10240K, 0% used [0x0000000773f80000,0x0000000773f80000,0x0000000774980000)
  to   space 10240K, 0% used [0x0000000774980000,0x0000000774980000,0x0000000775380000)
 ParOldGen       total 110592K, used 32371K [0x00000006d0a00000, 0x00000006d7600000, 0x0000000770380000)
  object space 110592K, 29% used [0x00000006d0a00000,0x00000006d299cca8,0x00000006d7600000)
 Metaspace       used 39457K, capacity 40070K, committed 40448K, reserved 1087488K
  class space    used 4924K, capacity 5108K, committed 5120K, reserved 1048576K
GC Heap History (10 events):
Event: 2.454 GC heap before
{Heap before GC invocations=4 (full 1):
 PSYoungGen      total 71680K, used 61440K [0x0000000770380000, 0x0000000775380000, 0x00000007c0000000)
  eden space 61440K, 100% used [0x0000000770380000,0x0000000773f80000,0x0000000773f80000)
  from space 10240K, 0% used [0x0000000774980000,0x0000000774980000,0x0000000775380000)
  to   space 10240K, 0% used [0x0000000773f80000,0x0000000773f80000,0x0000000774980000)
 ParOldGen       total 110592K, used 14870K [0x00000006d0a00000, 0x00000006d7600000, 0x0000000770380000)
  object space 110592K, 13% used [0x00000006d0a00000,0x00000006d1885a08,0x00000006d7600000)
 Metaspace       used 27928K, capacity 28516K, committed 28672K, reserved 1075200K
  class space    used 3540K, capacity 3730K, committed 3840K, reserved 1048576K
Event: 2.463 GC heap after
Heap after GC invocations=4 (full 1):
 PSYoungGen      total 71680K, used 10239K [0x0000000770380000, 0x0000000775380000, 0x00000007c0000000)
  eden space 61440K, 0% used [0x0000000770380000,0x0000000770380000,0x0000000773f80000)
  from space 10240K, 99% used [0x0000000773f80000,0x000000077497ff30,0x0000000774980000)
  to   space 10240K, 0% used [0x0000000774980000,0x0000000774980000,0x0000000775380000)
 ParOldGen       total 110592K, used 23402K [0x00000006d0a00000, 0x00000006d7600000, 0x0000000770380000)
  object space 110592K, 21% used [0x00000006d0a00000,0x00000006d20daa70,0x00000006d7600000)
 Metaspace       used 27928K, capacity 28516K, committed 28672K, reserved 1075200K
  class space    used 3540K, capacity 3730K, committed 3840K, reserved 1048576K
}
Event: 2.732 GC heap before
{Heap before GC invocations=5 (full 1):
 PSYoungGen      total 71680K, used 39319K [0x0000000770380000, 0x0000000775380000, 0x00000007c0000000)
  eden space 61440K, 47% used [0x0000000770380000,0x0000000771fe5d38,0x0000000773f80000)
  from space 10240K, 99% used [0x0000000773f80000,0x000000077497ff30,0x0000000774980000)
  to   space 10240K, 0% used [0x0000000774980000,0x0000000774980000,0x0000000775380000)
 ParOldGen       total 110592K, used 23402K [0x00000006d0a00000, 0x00000006d7600000, 0x0000000770380000)
  object space 110592K, 21% used [0x00000006d0a00000,0x00000006d20daa70,0x00000006d7600000)
 Metaspace       used 31723K, capacity 32204K, committed 32384K, reserved 1079296K
  class space    used 3950K, capacity 4120K, committed 4224K, reserved 1048576K
Event: 2.740 GC heap after
Heap after GC invocations=5 (full 1):
 PSYoungGen      total 71680K, used 10239K [0x0000000770380000, 0x0000000775380000, 0x00000007c0000000)
  eden space 61440K, 0% used [0x0000000770380000,0x0000000770380000,0x0000000773f80000)
  from space 10240K, 99% used [0x0000000774980000,0x000000077537ff20,0x0000000775380000)
  to   space 10240K, 0% used [0x0000000773f80000,0x0000000773f80000,0x0000000774980000)
 ParOldGen       total 110592K, used 30570K [0x00000006d0a00000, 0x00000006d7600000, 0x0000000770380000)
  object space 110592K, 27% used [0x00000006d0a00000,0x00000006d27da980,0x00000006d7600000)
 Metaspace       used 31723K, capacity 32204K, committed 32384K, reserved 1079296K
  class space    used 3950K, capacity 4120K, committed 4224K, reserved 1048576K
}
Event: 2.740 GC heap before
{Heap before GC invocations=6 (full 2):
 PSYoungGen      total 71680K, used 10239K [0x0000000770380000, 0x0000000775380000, 0x00000007c0000000)
  eden space 61440K, 0% used [0x0000000770380000,0x0000000770380000,0x0000000773f80000)
  from space 10240K, 99% used [0x0000000774980000,0x000000077537ff20,0x0000000775380000)
  to   space 10240K, 0% used [0x0000000773f80000,0x0000000773f80000,0x0000000774980000)
 ParOldGen       total 110592K, used 30570K [0x00000006d0a00000, 0x00000006d7600000, 0x0000000770380000)
  object space 110592K, 27% used [0x00000006d0a00000,0x00000006d27da980,0x00000006d7600000)
 Metaspace       used 31723K, capacity 32204K, committed 32384K, reserved 1079296K
  class space    used 3950K, capacity 4120K, committed 4224K, reserved 1048576K
Event: 2.811 GC heap after
Heap after GC invocations=6 (full 2):
 PSYoungGen      total 71680K, used 0K [0x0000000770380000, 0x0000000775380000, 0x00000007c0000000)
  eden space 61440K, 0% used [0x0000000770380000,0x0000000770380000,0x0000000773f80000)
  from space 10240K, 0% used [0x0000000774980000,0x0000000774980000,0x0000000775380000)
  to   space 10240K, 0% used [0x0000000773f80000,0x0000000773f80000,0x0000000774980000)
 ParOldGen       total 110592K, used 31135K [0x00000006d0a00000, 0x00000006d7600000, 0x0000000770380000)
  object space 110592K, 28% used [0x00000006d0a00000,0x00000006d2867fc8,0x00000006d7600000)
 Metaspace       used 31723K, capacity 32204K, committed 32384K, reserved 1079296K
  class space    used 3950K, capacity 4120K, committed 4224K, reserved 1048576K
}
Event: 3.125 GC heap before
{Heap before GC invocations=7 (full 2):
 PSYoungGen      total 71680K, used 24685K [0x0000000770380000, 0x0000000775380000, 0x00000007c0000000)
  eden space 61440K, 40% used [0x0000000770380000,0x0000000771b9b768,0x0000000773f80000)
  from space 10240K, 0% used [0x0000000774980000,0x0000000774980000,0x0000000775380000)
  to   space 10240K, 0% used [0x0000000773f80000,0x0000000773f80000,0x0000000774980000)
 ParOldGen       total 110592K, used 31135K [0x00000006d0a00000, 0x00000006d7600000, 0x0000000770380000)
  object space 110592K, 28% used [0x00000006d0a00000,0x00000006d2867fc8,0x00000006d7600000)
 Metaspace       used 35725K, capacity 36288K, committed 36480K, reserved 1087488K
  class space    used 4507K, capacity 4668K, committed 4736K, reserved 1048576K
Event: 3.128 GC heap after
Heap after GC invocations=7 (full 2):
 PSYoungGen      total 71680K, used 6203K [0x0000000770380000, 0x0000000775380000, 0x00000007c0000000)
  eden space 61440K, 0% used [0x0000000770380000,0x0000000770380000,0x0000000773f80000)
  from space 10240K, 60% used [0x0000000773f80000,0x000000077458ecf0,0x0000000774980000)
  to   space 10240K, 0% used [0x0000000774980000,0x0000000774980000,0x0000000775380000)
 ParOldGen       total 110592K, used 31143K [0x00000006d0a00000, 0x00000006d7600000, 0x0000000770380000)
  object space 110592K, 28% used [0x00000006d0a00000,0x00000006d2869fc8,0x00000006d7600000)
 Metaspace       used 35725K, capacity 36288K, committed 36480K, reserved 1087488K
  class space    used 4507K, capacity 4668K, committed 4736K, reserved 1048576K
}
Event: 3.128 GC heap before
{Heap before GC invocations=8 (full 3):
 PSYoungGen      total 71680K, used 6203K [0x0000000770380000, 0x0000000775380000, 0x00000007c0000000)
  eden space 61440K, 0% used [0x0000000770380000,0x0000000770380000,0x0000000773f80000)
  from space 10240K, 60% used [0x0000000773f80000,0x000000077458ecf0,0x0000000774980000)
  to   space 10240K, 0% used [0x0000000774980000,0x0000000774980000,0x0000000775380000)
 ParOldGen       total 110592K, used 31143K [0x00000006d0a00000, 0x00000006d7600000, 0x0000000770380000)
  object space 110592K, 28% used [0x00000006d0a00000,0x00000006d2869fc8,0x00000006d7600000)
 Metaspace       used 35725K, capacity 36288K, committed 36480K, reserved 1087488K
  class space    used 4507K, capacity 4668K, committed 4736K, reserved 1048576K
Event: 3.215 GC heap after
Heap after GC invocations=8 (full 3):
 PSYoungGen      total 71680K, used 0K [0x0000000770380000, 0x0000000775380000, 0x00000007c0000000)
  eden space 61440K, 0% used [0x0000000770380000,0x0000000770380000,0x0000000773f80000)
  from space 10240K, 0% used [0x0000000773f80000,0x0000000773f80000,0x0000000774980000)
  to   space 10240K, 0% used [0x0000000774980000,0x0000000774980000,0x0000000775380000)
 ParOldGen       total 110592K, used 32371K [0x00000006d0a00000, 0x00000006d7600000, 0x0000000770380000)
  object space 110592K, 29% used [0x00000006d0a00000,0x00000006d299cca8,0x00000006d7600000)
 Metaspace       used 35725K, capacity 36288K, committed 36480K, reserved 1085440K
  class space    used 4507K, capacity 4668K, committed 4736K, reserved 1048576K
}

