# JRE version: OpenJDK Runtime Environment (8.0_242-b01) (build 1.8.0_242-release-1644-b01)
# Java VM: OpenJDK 64-Bit Server VM (25.242-b01 mixed mode windows-amd64 compressed oops)
Heap:
 PSYoungGen      total 71680K, used 12694K [0x0000000770380000, 0x0000000775380000, 0x00000007c0000000)
  eden space 61440K, 3% used [0x0000000770380000,0x00000007705e61d0,0x0000000773f80000)
  from space 10240K, 99% used [0x0000000773f80000,0x000000077497f6f8,0x0000000774980000)
  to   space 10240K, 0% used [0x0000000774980000,0x0000000774980000,0x0000000775380000)
 ParOldGen       total 135168K, used 27593K [0x00000006d0a00000, 0x00000006d8e00000, 0x0000000770380000)
  object space 135168K, 20% used [0x00000006d0a00000,0x00000006d24f26c0,0x00000006d8e00000)
 Metaspace       used 30026K, capacity 30520K, committed 30848K, reserved 1077248K
  class space    used 3761K, capacity 3926K, committed 3968K, reserved 1048576K
GC Heap History (8 events):
Event: 0.953 GC heap before
{Heap before GC invocations=1 (full 0):
 PSYoungGen      total 71680K, used 61440K [0x0000000770380000, 0x0000000775380000, 0x00000007c0000000)
  eden space 61440K, 100% used [0x0000000770380000,0x0000000773f80000,0x0000000773f80000)
  from space 10240K, 0% used [0x0000000774980000,0x0000000774980000,0x0000000775380000)
  to   space 10240K, 0% used [0x0000000773f80000,0x0000000773f80000,0x0000000774980000)
 ParOldGen       total 163840K, used 0K [0x00000006d0a00000, 0x00000006daa00000, 0x0000000770380000)
  object space 163840K, 0% used [0x00000006d0a00000,0x00000006d0a00000,0x00000006daa00000)
 Metaspace       used 15124K, capacity 15420K, committed 15616K, reserved 1062912K
  class space    used 1700K, capacity 1760K, committed 1792K, reserved 1048576K
Event: 0.964 GC heap after
Heap after GC invocations=1 (full 0):
 PSYoungGen      total 71680K, used 10222K [0x0000000770380000, 0x0000000775380000, 0x00000007c0000000)
  eden space 61440K, 0% used [0x0000000770380000,0x0000000770380000,0x0000000773f80000)
  from space 10240K, 99% used [0x0000000773f80000,0x000000077497b858,0x0000000774980000)
  to   space 10240K, 0% used [0x0000000774980000,0x0000000774980000,0x0000000775380000)
 ParOldGen       total 163840K, used 4575K [0x00000006d0a00000, 0x00000006daa00000, 0x0000000770380000)
  object space 163840K, 2% used [0x00000006d0a00000,0x00000006d0e77f80,0x00000006daa00000)
 Metaspace       used 15124K, capacity 15420K, committed 15616K, reserved 1062912K
  class space    used 1700K, capacity 1760K, committed 1792K, reserved 1048576K
}
Event: 1.278 GC heap before
{Heap before GC invocations=2 (full 0):
 PSYoungGen      total 71680K, used 45892K [0x0000000770380000, 0x0000000775380000, 0x00000007c0000000)
  eden space 61440K, 58% used [0x0000000770380000,0x0000000772655940,0x0000000773f80000)
  from space 10240K, 99% used [0x0000000773f80000,0x000000077497b858,0x0000000774980000)
  to   space 10240K, 0% used [0x0000000774980000,0x0000000774980000,0x0000000775380000)
 ParOldGen       total 163840K, used 4575K [0x00000006d0a00000, 0x00000006daa00000, 0x0000000770380000)
  object space 163840K, 2% used [0x00000006d0a00000,0x00000006d0e77f80,0x00000006daa00000)
 Metaspace       used 20730K, capacity 21142K, committed 21248K, reserved 1069056K
  class space    used 2360K, capacity 2491K, committed 2560K, reserved 1048576K
Event: 1.300 GC heap after
Heap after GC invocations=2 (full 0):
 PSYoungGen      total 71680K, used 10210K [0x0000000770380000, 0x0000000775380000, 0x00000007c0000000)
  eden space 61440K, 0% used [0x0000000770380000,0x0000000770380000,0x0000000773f80000)
  from space 10240K, 99% used [0x0000000774980000,0x0000000775378918,0x0000000775380000)
  to   space 10240K, 0% used [0x0000000773f80000,0x0000000773f80000,0x0000000774980000)
 ParOldGen       total 163840K, used 17572K [0x00000006d0a00000, 0x00000006daa00000, 0x0000000770380000)
  object space 163840K, 10% used [0x00000006d0a00000,0x00000006d1b293f0,0x00000006daa00000)
 Metaspace       used 20730K, capacity 21142K, committed 21248K, reserved 1069056K
  class space    used 2360K, capacity 2491K, committed 2560K, reserved 1048576K
}
Event: 1.300 GC heap before
{Heap before GC invocations=3 (full 1):
 PSYoungGen      total 71680K, used 10210K [0x0000000770380000, 0x0000000775380000, 0x00000007c0000000)
  eden space 61440K, 0% used [0x0000000770380000,0x0000000770380000,0x0000000773f80000)
  from space 10240K, 99% used [0x0000000774980000,0x0000000775378918,0x0000000775380000)
  to   space 10240K, 0% used [0x0000000773f80000,0x0000000773f80000,0x0000000774980000)
 ParOldGen       total 163840K, used 17572K [0x00000006d0a00000, 0x00000006daa00000, 0x0000000770380000)
  object space 163840K, 10% used [0x00000006d0a00000,0x00000006d1b293f0,0x00000006daa00000)
 Metaspace       used 20730K, capacity 21142K, committed 21248K, reserved 1069056K
  class space    used 2360K, capacity 2491K, committed 2560K, reserved 1048576K
Event: 1.371 GC heap after
Heap after GC invocations=3 (full 1):
 PSYoungGen      total 71680K, used 0K [0x0000000770380000, 0x0000000775380000, 0x00000007c0000000)
  eden space 61440K, 0% used [0x0000000770380000,0x0000000770380000,0x0000000773f80000)
  from space 10240K, 0% used [0x0000000774980000,0x0000000774980000,0x0000000775380000)
  to   space 10240K, 0% used [0x0000000773f80000,0x0000000773f80000,0x0000000774980000)
 ParOldGen       total 135168K, used 23023K [0x00000006d0a00000, 0x00000006d8e00000, 0x0000000770380000)
  object space 135168K, 17% used [0x00000006d0a00000,0x00000006d207bcd0,0x00000006d8e00000)
 Metaspace       used 20730K, capacity 21142K, committed 21248K, reserved 1069056K
  class space    used 2360K, capacity 2491K, committed 2560K, reserved 1048576K
}
Event: 2.134 GC heap before
{Heap before GC invocations=4 (full 1):
 PSYoungGen      total 71680K, used 61440K [0x0000000770380000, 0x0000000775380000, 0x00000007c0000000)
  eden space 61440K, 100% used [0x0000000770380000,0x0000000773f80000,0x0000000773f80000)
  from space 10240K, 0% used [0x0000000774980000,0x0000000774980000,0x0000000775380000)
  to   space 10240K, 0% used [0x0000000773f80000,0x0000000773f80000,0x0000000774980000)
 ParOldGen       total 135168K, used 23023K [0x00000006d0a00000, 0x00000006d8e00000, 0x0000000770380000)
  object space 135168K, 17% used [0x00000006d0a00000,0x00000006d207bcd0,0x00000006d8e00000)
 Metaspace       used 29912K, capacity 30456K, committed 30592K, reserved 1075200K
  class space    used 3750K, capacity 3926K, committed 3968K, reserved 1048576K
Event: 2.144 GC heap after
Heap after GC invocations=4 (full 1):
 PSYoungGen      total 71680K, used 10237K [0x0000000770380000, 0x0000000775380000, 0x00000007c0000000)
  eden space 61440K, 0% used [0x0000000770380000,0x0000000770380000,0x0000000773f80000)
  from space 10240K, 99% used [0x0000000773f80000,0x000000077497f6f8,0x0000000774980000)
  to   space 10240K, 0% used [0x0000000774980000,0x0000000774980000,0x0000000775380000)
 ParOldGen       total 135168K, used 27593K [0x00000006d0a00000, 0x00000006d8e00000, 0x0000000770380000)
  object space 135168K, 20% used [0x00000006d0a00000,0x00000006d24f26c0,0x00000006d8e00000)
 Metaspace       used 29912K, capacity 30456K, committed 30592K, reserved 1075200K
  class space    used 3750K, capacity 3926K, committed 3968K, reserved 1048576K
}

